title Fedora 31 Cinnamon (x64)
    find --set-root /img/linux/Fedora-Cinnamon-Live-x86_64-31-1.9.iso
    map /img/linux/Fedora-Cinnamon-Live-x86_64-31-1.9.iso (0xff)
    map --hook
    root (0xff)
    kernel /images/pxeboot/vmlinuz root=live:CDLABEL=Fedora-Cinn-Live-31-1-9 rd.live.image iso-scan/filename=/img/linux/Fedora-Cinnamon-Live-x86_64-31-1.9.iso nosplash
    initrd /images/pxeboot/initrd.img

title Debian 10 (x86)
    kernel /img/linux/debian-10.4.0-i386-LXDE/vmlinuz preseed/file=/cdrom/simple-cdd/default.preseed simple-cdd/profiles=buster priority=low iso-scan/filename=/img/linux/debian-10.4.0-i386-LXDE/debian-10.4.0-i386-LXDE.iso nosplash
    initrd /img/linux/debian-10.4.0-i386-LXDE/initrd.gz

title Debian 10 (x64)
    kernel /img/linux/debian-10.4.0-amd64-LXDE/vmlinuz preseed/file=/cdrom/simple-cdd/default.preseed simple-cdd/profiles=buster priority=low iso-scan/filename=/img/linux/debian-10.4.0-amd64-LXDE/debian-10.4.0-amd64-LXDE.iso nosplash
    initrd /img/linux/debian-10.4.0-amd64-LXDE/initrd.gz

title Lubuntu 18.04.4 (x86)
    find --set-root /img/linux/lubuntu-18.04.4-desktop-i386.iso
    map /img/linux/lubuntu-18.04.4-desktop-i386.iso (0xff)
    map --hook
    root (0xff)
    kernel /casper/vmlinuz file=/cdrom/preseed/lubuntu.seed boot=casper iso-scan/filename=/img/linux/lubuntu-18.04.4-desktop-i386.iso nosplash
    initrd /casper/initrd

title Lubuntu 18.04.4 (x64)
    find --set-root /img/linux/lubuntu-18.04.4-desktop-amd64.iso
    map /img/linux/lubuntu-18.04.4-desktop-amd64.iso (0xff)
    map --hook
    root (0xff)
    kernel /casper/vmlinuz file=/cdrom/preseed/lubuntu.seed boot=casper iso-scan/filename=/img/linux/lubuntu-18.04.4-desktop-amd64.iso nosplash
    initrd /casper/initrd

title Back to Previous Menu
    configfile /menu.lst
